    WARNING: The character ⁶ (U+2076) exists in the entry for VK_0, ShiftState 'Ctl+Alt' of the layout table and is not in the default system code page (1252) of the English (United Kingdom) language you specified. This may cause compatibility problems in non-Unicode applications.
    WARNING: The character ∫ (U+222b) exists in the entry for VK_0, ShiftState 'Shift+Ctl+Alt' of the layout table and is not in the default system code page (1252) of the English (United Kingdom) language you specified. This may cause compatibility problems in non-Unicode applications.
    WARNING: The character π (U+03c0) exists in the entry for VK_1, ShiftState 'Ctl+Alt' of the layout table and is not in the default system code page (1252) of the English (United Kingdom) language you specified. This may cause compatibility problems in non-Unicode applications.
    WARNING: The character ⁷ (U+2077) exists in the entry for VK_2, ShiftState 'Ctl+Alt' of the layout table and is not in the default system code page (1252) of the English (United Kingdom) language you specified. This may cause compatibility problems in non-Unicode applications.
    WARNING: The character ⊈ (U+2288) exists in the entry for VK_2, ShiftState 'Shift+Ctl+Alt' of the layout table and is not in the default system code page (1252) of the English (United Kingdom) language you specified. This may cause compatibility problems in non-Unicode applications.
    WARNING: The character ⁵ (U+2075) exists in the entry for VK_3, ShiftState 'Ctl+Alt' of the layout table and is not in the default system code page (1252) of the English (United Kingdom) language you specified. This may cause compatibility problems in non-Unicode applications.
    WARNING: The character ⊆ (U+2286) exists in the entry for VK_3, ShiftState 'Shift+Ctl+Alt' of the layout table and is not in the default system code page (1252) of the English (United Kingdom) language you specified. This may cause compatibility problems in non-Unicode applications.
    WARNING: The character ⊂ (U+2282) exists in the entry for VK_4, ShiftState 'Shift+Ctl+Alt' of the layout table and is not in the default system code page (1252) of the English (United Kingdom) language you specified. This may cause compatibility problems in non-Unicode applications.
    WARNING: The character ⊄ (U+2284) exists in the entry for VK_5, ShiftState 'Shift+Ctl+Alt' of the layout table and is not in the default system code page (1252) of the English (United Kingdom) language you specified. This may cause compatibility problems in non-Unicode applications.
    WARNING: The character ⁹ (U+2079) exists in the entry for VK_6, ShiftState 'Ctl+Alt' of the layout table and is not in the default system code page (1252) of the English (United Kingdom) language you specified. This may cause compatibility problems in non-Unicode applications.
    WARNING: The character ≠ (U+2260) exists in the entry for VK_6, ShiftState 'Shift+Ctl+Alt' of the layout table and is not in the default system code page (1252) of the English (United Kingdom) language you specified. This may cause compatibility problems in non-Unicode applications.
    WARNING: The character ⁰ (U+2070) exists in the entry for VK_7, ShiftState 'Ctl+Alt' of the layout table and is not in the default system code page (1252) of the English (United Kingdom) language you specified. This may cause compatibility problems in non-Unicode applications.
    WARNING: The character ≔ (U+2254) exists in the entry for VK_7, ShiftState 'Shift+Ctl+Alt' of the layout table and is not in the default system code page (1252) of the English (United Kingdom) language you specified. This may cause compatibility problems in non-Unicode applications.
    WARNING: The character √ (U+221a) exists in the entry for VK_8, ShiftState 'Shift+Ctl+Alt' of the layout table and is not in the default system code page (1252) of the English (United Kingdom) language you specified. This may cause compatibility problems in non-Unicode applications.
    WARNING: The character ⁴ (U+2074) exists in the entry for VK_9, ShiftState 'Ctl+Alt' of the layout table and is not in the default system code page (1252) of the English (United Kingdom) language you specified. This may cause compatibility problems in non-Unicode applications.
    WARNING: The character ∑ (U+2211) exists in the entry for VK_9, ShiftState 'Shift+Ctl+Alt' of the layout table and is not in the default system code page (1252) of the English (United Kingdom) language you specified. This may cause compatibility problems in non-Unicode applications.
    WARNING: The character ∉ (U+2209) exists in the entry for VK_A, ShiftState 'Shift+Ctl+Alt' of the layout table and is not in the default system code page (1252) of the English (United Kingdom) language you specified. This may cause compatibility problems in non-Unicode applications.
    WARNING: The character □ (U+25a1) exists in the entry for VK_B, ShiftState 'Ctl+Alt' of the layout table and is not in the default system code page (1252) of the English (United Kingdom) language you specified. This may cause compatibility problems in non-Unicode applications.
    WARNING: The character ∎ (U+220e) exists in the entry for VK_B, ShiftState 'Shift+Ctl+Alt' of the layout table and is not in the default system code page (1252) of the English (United Kingdom) language you specified. This may cause compatibility problems in non-Unicode applications.
    WARNING: The character ℂ (U+2102) exists in the entry for VK_C, ShiftState 'Shift+Ctl+Alt' of the layout table and is not in the default system code page (1252) of the English (United Kingdom) language you specified. This may cause compatibility problems in non-Unicode applications.
    WARNING: The character ≡ (U+2261) exists in the entry for VK_D, ShiftState 'Ctl+Alt' of the layout table and is not in the default system code page (1252) of the English (United Kingdom) language you specified. This may cause compatibility problems in non-Unicode applications.
    WARNING: The character ∂ (U+2202) exists in the entry for VK_D, ShiftState 'Shift+Ctl+Alt' of the layout table and is not in the default system code page (1252) of the English (United Kingdom) language you specified. This may cause compatibility problems in non-Unicode applications.
    WARNING: The character β (U+03b2) exists in the entry for VK_F, ShiftState 'Ctl+Alt' of the layout table and is not in the default system code page (1252) of the English (United Kingdom) language you specified. This may cause compatibility problems in non-Unicode applications.
    WARNING: The character ⇒ (U+21d2) exists in the entry for VK_F, ShiftState 'Shift+Ctl+Alt' of the layout table and is not in the default system code page (1252) of the English (United Kingdom) language you specified. This may cause compatibility problems in non-Unicode applications.
    WARNING: The character ∘ (U+2218) exists in the entry for VK_G, ShiftState 'Shift+Ctl+Alt' of the layout table and is not in the default system code page (1252) of the English (United Kingdom) language you specified. This may cause compatibility problems in non-Unicode applications.
    WARNING: The character Δ (U+0394) exists in the entry for VK_H, ShiftState 'Ctl+Alt' of the layout table and is not in the default system code page (1252) of the English (United Kingdom) language you specified. This may cause compatibility problems in non-Unicode applications.
    WARNING: The character ∇ (U+2207) exists in the entry for VK_H, ShiftState 'Shift+Ctl+Alt' of the layout table and is not in the default system code page (1252) of the English (United Kingdom) language you specified. This may cause compatibility problems in non-Unicode applications.
    WARNING: The character ∩ (U+2229) exists in the entry for VK_I, ShiftState 'Ctl+Alt' of the layout table and is not in the default system code page (1252) of the English (United Kingdom) language you specified. This may cause compatibility problems in non-Unicode applications.
    WARNING: The character ∪ (U+222a) exists in the entry for VK_I, ShiftState 'Shift+Ctl+Alt' of the layout table and is not in the default system code page (1252) of the English (United Kingdom) language you specified. This may cause compatibility problems in non-Unicode applications.
    WARNING: The character ∴ (U+2234) exists in the entry for VK_J, ShiftState 'Ctl+Alt' of the layout table and is not in the default system code page (1252) of the English (United Kingdom) language you specified. This may cause compatibility problems in non-Unicode applications.
    WARNING: The character ∵ (U+2235) exists in the entry for VK_J, ShiftState 'Shift+Ctl+Alt' of the layout table and is not in the default system code page (1252) of the English (United Kingdom) language you specified. This may cause compatibility problems in non-Unicode applications.
    WARNING: The character ⨝ (U+2a1d) exists in the entry for VK_K, ShiftState 'Ctl+Alt' of the layout table and is not in the default system code page (1252) of the English (United Kingdom) language you specified. This may cause compatibility problems in non-Unicode applications.
    WARNING: The character ⟕ (U+27d5) exists in the entry for VK_K, ShiftState 'Shift+Ctl+Alt' of the layout table and is not in the default system code page (1252) of the English (United Kingdom) language you specified. This may cause compatibility problems in non-Unicode applications.
    WARNING: The character σ (U+03c3) exists in the entry for VK_L, ShiftState 'Ctl+Alt' of the layout table and is not in the default system code page (1252) of the English (United Kingdom) language you specified. This may cause compatibility problems in non-Unicode applications.
    WARNING: The character λ (U+03bb) exists in the entry for VK_L, ShiftState 'Shift+Ctl+Alt' of the layout table and is not in the default system code page (1252) of the English (United Kingdom) language you specified. This may cause compatibility problems in non-Unicode applications.
    WARNING: The character ∞ (U+221e) exists in the entry for VK_M, ShiftState 'Shift+Ctl+Alt' of the layout table and is not in the default system code page (1252) of the English (United Kingdom) language you specified. This may cause compatibility problems in non-Unicode applications.
    WARNING: The character φ (U+03c6) exists in the entry for VK_N, ShiftState 'Ctl+Alt' of the layout table and is not in the default system code page (1252) of the English (United Kingdom) language you specified. This may cause compatibility problems in non-Unicode applications.
    WARNING: The character ℕ (U+2115) exists in the entry for VK_N, ShiftState 'Shift+Ctl+Alt' of the layout table and is not in the default system code page (1252) of the English (United Kingdom) language you specified. This may cause compatibility problems in non-Unicode applications.
    WARNING: The character ∈ (U+2208) exists in the entry for VK_O, ShiftState 'Shift+Ctl+Alt' of the layout table and is not in the default system code page (1252) of the English (United Kingdom) language you specified. This may cause compatibility problems in non-Unicode applications.
    WARNING: The character ⊏ (U+228f) exists in the entry for VK_P, ShiftState 'Shift+Ctl+Alt' of the layout table and is not in the default system code page (1252) of the English (United Kingdom) language you specified. This may cause compatibility problems in non-Unicode applications.
    WARNING: The character ℚ (U+211a) exists in the entry for VK_Q, ShiftState 'Shift+Ctl+Alt' of the layout table and is not in the default system code page (1252) of the English (United Kingdom) language you specified. This may cause compatibility problems in non-Unicode applications.
    WARNING: The character ρ (U+03c1) exists in the entry for VK_R, ShiftState 'Ctl+Alt' of the layout table and is not in the default system code page (1252) of the English (United Kingdom) language you specified. This may cause compatibility problems in non-Unicode applications.
    WARNING: The character ℝ (U+211d) exists in the entry for VK_R, ShiftState 'Shift+Ctl+Alt' of the layout table and is not in the default system code page (1252) of the English (United Kingdom) language you specified. This may cause compatibility problems in non-Unicode applications.
    WARNING: The character ⋯ (U+22ef) exists in the entry for VK_T, ShiftState 'Ctl+Alt' of the layout table and is not in the default system code page (1252) of the English (United Kingdom) language you specified. This may cause compatibility problems in non-Unicode applications.
    WARNING: The character ⋰ (U+22f0) exists in the entry for VK_T, ShiftState 'Shift+Ctl+Alt' of the layout table and is not in the default system code page (1252) of the English (United Kingdom) language you specified. This may cause compatibility problems in non-Unicode applications.
    WARNING: The character ₽ (U+20bd) exists in the entry for VK_U, ShiftState 'Shift+Ctl+Alt' of the layout table and is not in the default system code page (1252) of the English (United Kingdom) language you specified. This may cause compatibility problems in non-Unicode applications.
    WARNING: The character ∀ (U+2200) exists in the entry for VK_V, ShiftState 'Ctl+Alt' of the layout table and is not in the default system code page (1252) of the English (United Kingdom) language you specified. This may cause compatibility problems in non-Unicode applications.
    WARNING: The character ∃ (U+2203) exists in the entry for VK_V, ShiftState 'Shift+Ctl+Alt' of the layout table and is not in the default system code page (1252) of the English (United Kingdom) language you specified. This may cause compatibility problems in non-Unicode applications.
    WARNING: The character ⊥ (U+22a5) exists in the entry for VK_W, ShiftState 'Ctl+Alt' of the layout table and is not in the default system code page (1252) of the English (United Kingdom) language you specified. This may cause compatibility problems in non-Unicode applications.
    WARNING: The character ⊤ (U+22a4) exists in the entry for VK_W, ShiftState 'Shift+Ctl+Alt' of the layout table and is not in the default system code page (1252) of the English (United Kingdom) language you specified. This may cause compatibility problems in non-Unicode applications.
    WARNING: The character ⟗ (U+27d7) exists in the entry for VK_X, ShiftState 'Ctl+Alt' of the layout table and is not in the default system code page (1252) of the English (United Kingdom) language you specified. This may cause compatibility problems in non-Unicode applications.
    WARNING: The character ⟖ (U+27d6) exists in the entry for VK_X, ShiftState 'Shift+Ctl+Alt' of the layout table and is not in the default system code page (1252) of the English (United Kingdom) language you specified. This may cause compatibility problems in non-Unicode applications.
    WARNING: The character α (U+03b1) exists in the entry for VK_Y, ShiftState 'Ctl+Alt' of the layout table and is not in the default system code page (1252) of the English (United Kingdom) language you specified. This may cause compatibility problems in non-Unicode applications.
    WARNING: The character ə (U+0259) exists in the entry for VK_Z, ShiftState 'Ctl+Alt' of the layout table and is not in the default system code page (1252) of the English (United Kingdom) language you specified. This may cause compatibility problems in non-Unicode applications.
    WARNING: The character ℤ (U+2124) exists in the entry for VK_Z, ShiftState 'Shift+Ctl+Alt' of the layout table and is not in the default system code page (1252) of the English (United Kingdom) language you specified. This may cause compatibility problems in non-Unicode applications.
    WARNING: The character ⇔ (U+21d4) exists in the entry for VK_OEM_1, ShiftState 'Ctl+Alt' of the layout table and is not in the default system code page (1252) of the English (United Kingdom) language you specified. This may cause compatibility problems in non-Unicode applications.
    WARNING: The character ↦ (U+21a6) exists in the entry for VK_OEM_1, ShiftState 'Shift+Ctl+Alt' of the layout table and is not in the default system code page (1252) of the English (United Kingdom) language you specified. This may cause compatibility problems in non-Unicode applications.
    WARNING: The character δ (U+03b4) exists in the entry for VK_OEM_COMMA, ShiftState 'Ctl+Alt' of the layout table and is not in the default system code page (1252) of the English (United Kingdom) language you specified. This may cause compatibility problems in non-Unicode applications.
    WARNING: The character ⋢ (U+22e2) exists in the entry for VK_OEM_COMMA, ShiftState 'Shift+Ctl+Alt' of the layout table and is not in the default system code page (1252) of the English (United Kingdom) language you specified. This may cause compatibility problems in non-Unicode applications.
    WARNING: The character ̅ (U+0305) exists in the entry for VK_OEM_MINUS, ShiftState 'Shift+Ctl+Alt' of the layout table and is not in the default system code page (1252) of the English (United Kingdom) language you specified. This may cause compatibility problems in non-Unicode applications.
    WARNING: The character ε (U+03b5) exists in the entry for VK_OEM_PERIOD, ShiftState 'Ctl+Alt' of the layout table and is not in the default system code page (1252) of the English (United Kingdom) language you specified. This may cause compatibility problems in non-Unicode applications.
    WARNING: The character ⊑ (U+2291) exists in the entry for VK_OEM_PERIOD, ShiftState 'Shift+Ctl+Alt' of the layout table and is not in the default system code page (1252) of the English (United Kingdom) language you specified. This may cause compatibility problems in non-Unicode applications.
    WARNING: The character ∅ (U+2205) exists in the entry for VK_OEM_3, ShiftState 'Ctl+Alt' of the layout table and is not in the default system code page (1252) of the English (United Kingdom) language you specified. This may cause compatibility problems in non-Unicode applications.
    WARNING: The character ≈ (U+2248) exists in the entry for VK_OEM_3, ShiftState 'Shift+Ctl+Alt' of the layout table and is not in the default system code page (1252) of the English (United Kingdom) language you specified. This may cause compatibility problems in non-Unicode applications.
    WARNING: The character ⁸ (U+2078) exists in the entry for VK_OEM_4, ShiftState 'Ctl+Alt' of the layout table and is not in the default system code page (1252) of the English (United Kingdom) language you specified. This may cause compatibility problems in non-Unicode applications.
    WARNING: \ (U+005c) is already defined more than once on the keyboard (on VK_OEM_5, ShiftState 'Base' and VK_OEM_2, ShiftState 'Ctl+Alt').
    WARNING: The character ⊢ (U+22a2) exists in the entry for VK_OEM_5, ShiftState 'Ctl+Alt' of the layout table and is not in the default system code page (1252) of the English (United Kingdom) language you specified. This may cause compatibility problems in non-Unicode applications.
    WARNING: The character ⊨ (U+22a8) exists in the entry for VK_OEM_5, ShiftState 'Shift+Ctl+Alt' of the layout table and is not in the default system code page (1252) of the English (United Kingdom) language you specified. This may cause compatibility problems in non-Unicode applications.
    WARNING: The character γ (U+03b3) exists in the entry for VK_OEM_7, ShiftState 'Ctl+Alt' of the layout table and is not in the default system code page (1252) of the English (United Kingdom) language you specified. This may cause compatibility problems in non-Unicode applications.
    WARNING: The character ⇐ (U+21d0) exists in the entry for VK_OEM_7, ShiftState 'Shift+Ctl+Alt' of the layout table and is not in the default system code page (1252) of the English (United Kingdom) language you specified. This may cause compatibility problems in non-Unicode applications.
